# JRE version: OpenJDK Runtime Environment (11.0.2+9) (build 11.0.2+9)
# Java VM: OpenJDK 64-Bit Server VM (11.0.2+9, mixed mode, tiered, compressed oops, g1 gc, windows-amd64)
Heap:
 garbage-first heap   total 262144K, used 102923K [0x0000000740000000, 0x0000000800000000)
  region size 1024K, 4 young (4096K), 2 survivors (2048K)
 Metaspace       used 107441K, capacity 110241K, committed 110336K, reserved 1144832K
  class space    used 14570K, capacity 15834K, committed 15872K, reserved 1048576K
GC Heap History (10 events):
Event: 1038.037 GC heap before
{Heap before GC invocations=102 (full 12):
 garbage-first heap   total 262144K, used 162109K [0x0000000740000000, 0x0000000800000000)
  region size 1024K, 60 young (61440K), 1 survivors (1024K)
 Metaspace       used 107325K, capacity 110049K, committed 110336K, reserved 1144832K
  class space    used 14570K, capacity 15834K, committed 15872K, reserved 1048576K
}
Event: 1038.041 GC heap after
{Heap after GC invocations=103 (full 12):
 garbage-first heap   total 262144K, used 101440K [0x0000000740000000, 0x0000000800000000)
  region size 1024K, 1 young (1024K), 1 survivors (1024K)
 Metaspace       used 107325K, capacity 110049K, committed 110336K, reserved 1144832K
  class space    used 14570K, capacity 15834K, committed 15872K, reserved 1048576K
}
Event: 1041.410 GC heap before
{Heap before GC invocations=103 (full 12):
 garbage-first heap   total 262144K, used 161856K [0x0000000740000000, 0x0000000800000000)
  region size 1024K, 60 young (61440K), 1 survivors (1024K)
 Metaspace       used 107333K, capacity 110049K, committed 110336K, reserved 1144832K
  class space    used 14570K, capacity 15834K, committed 15872K, reserved 1048576K
}
Event: 1041.411 GC heap after
{Heap after GC invocations=104 (full 12):
 garbage-first heap   total 262144K, used 101324K [0x0000000740000000, 0x0000000800000000)
  region size 1024K, 1 young (1024K), 1 survivors (1024K)
 Metaspace       used 107333K, capacity 110049K, committed 110336K, reserved 1144832K
  class space    used 14570K, capacity 15834K, committed 15872K, reserved 1048576K
}
Event: 1046.195 GC heap before
{Heap before GC invocations=104 (full 12):
 garbage-first heap   total 262144K, used 161740K [0x0000000740000000, 0x0000000800000000)
  region size 1024K, 60 young (61440K), 1 survivors (1024K)
 Metaspace       used 107372K, capacity 110177K, committed 110336K, reserved 1144832K
  class space    used 14570K, capacity 15834K, committed 15872K, reserved 1048576K
}
Event: 1046.198 GC heap after
{Heap after GC invocations=105 (full 12):
 garbage-first heap   total 262144K, used 101621K [0x0000000740000000, 0x0000000800000000)
  region size 1024K, 1 young (1024K), 1 survivors (1024K)
 Metaspace       used 107372K, capacity 110177K, committed 110336K, reserved 1144832K
  class space    used 14570K, capacity 15834K, committed 15872K, reserved 1048576K
}
Event: 1048.382 GC heap before
{Heap before GC invocations=105 (full 12):
 garbage-first heap   total 262144K, used 162037K [0x0000000740000000, 0x0000000800000000)
  region size 1024K, 60 young (61440K), 1 survivors (1024K)
 Metaspace       used 107394K, capacity 110177K, committed 110336K, reserved 1144832K
  class space    used 14570K, capacity 15834K, committed 15872K, reserved 1048576K
}
Event: 1048.384 GC heap after
{Heap after GC invocations=106 (full 12):
 garbage-first heap   total 262144K, used 101625K [0x0000000740000000, 0x0000000800000000)
  region size 1024K, 1 young (1024K), 1 survivors (1024K)
 Metaspace       used 107394K, capacity 110177K, committed 110336K, reserved 1144832K
  class space    used 14570K, capacity 15834K, committed 15872K, reserved 1048576K
}
Event: 1051.766 GC heap before
{Heap before GC invocations=106 (full 12):
 garbage-first heap   total 262144K, used 162041K [0x0000000740000000, 0x0000000800000000)
  region size 1024K, 60 young (61440K), 1 survivors (1024K)
 Metaspace       used 107441K, capacity 110241K, committed 110336K, reserved 1144832K
  class space    used 14570K, capacity 15834K, committed 15872K, reserved 1048576K
}
Event: 1051.769 GC heap after
{Heap after GC invocations=107 (full 12):
 garbage-first heap   total 262144K, used 101899K [0x0000000740000000, 0x0000000800000000)
  region size 1024K, 2 young (2048K), 2 survivors (2048K)
 Metaspace       used 107441K, capacity 110241K, committed 110336K, reserved 1144832K
  class space    used 14570K, capacity 15834K, committed 15872K, reserved 1048576K
}

